Started GET "/" for 159.91.100.253 at 2019-04-17 18:47:10 -0400
Cannot render console from 159.91.100.253! Allowed networks: 127.0.0.1, ::1, 127.0.0.0/127.255.255.255
  
PG::ConnectionBad (FATAL:  no pg_hba.conf entry for host "[local]", user "sysadmin", database "spoli_development", SSL off
):
  
pg (1.1.4) lib/pg.rb:56:in `initialize'
pg (1.1.4) lib/pg.rb:56:in `new'
pg (1.1.4) lib/pg.rb:56:in `connect'
activerecord (5.2.3) lib/active_record/connection_adapters/postgresql_adapter.rb:692:in `connect'
activerecord (5.2.3) lib/active_record/connection_adapters/postgresql_adapter.rb:223:in `initialize'
activerecord (5.2.3) lib/active_record/connection_adapters/postgresql_adapter.rb:48:in `new'
activerecord (5.2.3) lib/active_record/connection_adapters/postgresql_adapter.rb:48:in `postgresql_connection'
activerecord (5.2.3) lib/active_record/connection_adapters/abstract/connection_pool.rb:811:in `new_connection'
activerecord (5.2.3) lib/active_record/connection_adapters/abstract/connection_pool.rb:855:in `checkout_new_connection'
activerecord (5.2.3) lib/active_record/connection_adapters/abstract/connection_pool.rb:834:in `try_to_checkout_new_connection'
activerecord (5.2.3) lib/active_record/connection_adapters/abstract/connection_pool.rb:795:in `acquire_connection'
activerecord (5.2.3) lib/active_record/connection_adapters/abstract/connection_pool.rb:523:in `checkout'
activerecord (5.2.3) lib/active_record/connection_adapters/abstract/connection_pool.rb:382:in `connection'
activerecord (5.2.3) lib/active_record/connection_adapters/abstract/connection_pool.rb:1014:in `retrieve_connection'
activerecord (5.2.3) lib/active_record/connection_handling.rb:118:in `retrieve_connection'
activerecord (5.2.3) lib/active_record/connection_handling.rb:90:in `connection'
activerecord (5.2.3) lib/active_record/migration.rb:554:in `call'
actionpack (5.2.3) lib/action_dispatch/middleware/callbacks.rb:28:in `block in call'
activesupport (5.2.3) lib/active_support/callbacks.rb:98:in `run_callbacks'
actionpack (5.2.3) lib/action_dispatch/middleware/callbacks.rb:26:in `call'
actionpack (5.2.3) lib/action_dispatch/middleware/executor.rb:14:in `call'
actionpack (5.2.3) lib/action_dispatch/middleware/debug_exceptions.rb:61:in `call'
web-console (3.7.0) lib/web_console/middleware.rb:135:in `call_app'
web-console (3.7.0) lib/web_console/middleware.rb:22:in `block in call'
web-console (3.7.0) lib/web_console/middleware.rb:20:in `catch'
web-console (3.7.0) lib/web_console/middleware.rb:20:in `call'
actionpack (5.2.3) lib/action_dispatch/middleware/show_exceptions.rb:33:in `call'
railties (5.2.3) lib/rails/rack/logger.rb:38:in `call_app'
railties (5.2.3) lib/rails/rack/logger.rb:26:in `block in call'
activesupport (5.2.3) lib/active_support/tagged_logging.rb:71:in `block in tagged'
activesupport (5.2.3) lib/active_support/tagged_logging.rb:28:in `tagged'
activesupport (5.2.3) lib/active_support/tagged_logging.rb:71:in `tagged'
railties (5.2.3) lib/rails/rack/logger.rb:26:in `call'
sprockets-rails (3.2.1) lib/sprockets/rails/quiet_assets.rb:13:in `call'
actionpack (5.2.3) lib/action_dispatch/middleware/remote_ip.rb:81:in `call'
actionpack (5.2.3) lib/action_dispatch/middleware/request_id.rb:27:in `call'
rack (2.0.7) lib/rack/method_override.rb:22:in `call'
rack (2.0.7) lib/rack/runtime.rb:22:in `call'
activesupport (5.2.3) lib/active_support/cache/strategy/local_cache_middleware.rb:29:in `call'
actionpack (5.2.3) lib/action_dispatch/middleware/executor.rb:14:in `call'
actionpack (5.2.3) lib/action_dispatch/middleware/static.rb:127:in `call'
rack (2.0.7) lib/rack/sendfile.rb:111:in `call'
railties (5.2.3) lib/rails/engine.rb:524:in `call'
puma (3.12.1) lib/puma/configuration.rb:227:in `call'
puma (3.12.1) lib/puma/server.rb:660:in `handle_request'
puma (3.12.1) lib/puma/server.rb:474:in `process_client'
puma (3.12.1) lib/puma/server.rb:334:in `block in run'
puma (3.12.1) lib/puma/thread_pool.rb:135:in `block in spawn_thread'
  [1m[35m (975.1ms)[0m  [1m[35mCREATE DATABASE "spoli_development" ENCODING = 'unicode'[0m
  ↳ bin/rails:9
  [1m[35m (360.6ms)[0m  [1m[35mCREATE DATABASE "spoli_test" ENCODING = 'unicode'[0m
  ↳ bin/rails:9
  [1m[35m (0.4ms)[0m  [1m[35mDROP TABLE IF EXISTS "cocktails" CASCADE[0m
  ↳ db/schema.rb:15
  [1m[35m (23.3ms)[0m  [1m[35mCREATE TABLE "cocktails" ("id" bigserial primary key, "name" character varying, "glass" character varying, "preparation" text, "created_at" timestamp NOT NULL, "updated_at" timestamp NOT NULL)[0m
  ↳ db/schema.rb:15
  [1m[35m (10.5ms)[0m  [1m[35mCREATE TABLE "schema_migrations" ("version" character varying NOT NULL PRIMARY KEY)[0m
  ↳ db/schema.rb:13
  [1m[35m (0.6ms)[0m  [1m[34mSELECT "schema_migrations"."version" FROM "schema_migrations" ORDER BY "schema_migrations"."version" ASC[0m
  ↳ db/schema.rb:13
  [1m[35m (1.6ms)[0m  [1m[32mINSERT INTO "schema_migrations" (version) VALUES (20190417213301)[0m
  ↳ db/schema.rb:13
  [1m[35m (5.7ms)[0m  [1m[35mCREATE TABLE "ar_internal_metadata" ("key" character varying NOT NULL PRIMARY KEY, "value" character varying, "created_at" timestamp NOT NULL, "updated_at" timestamp NOT NULL)[0m
  ↳ db/schema.rb:13
  [1m[36mActiveRecord::InternalMetadata Load (0.3ms)[0m  [1m[34mSELECT  "ar_internal_metadata".* FROM "ar_internal_metadata" WHERE "ar_internal_metadata"."key" = $1 LIMIT $2[0m  [["key", "environment"], ["LIMIT", 1]]
  ↳ db/schema.rb:13
  [1m[35m (0.2ms)[0m  [1m[35mBEGIN[0m
  ↳ db/schema.rb:13
  [1m[36mActiveRecord::InternalMetadata Create (0.5ms)[0m  [1m[32mINSERT INTO "ar_internal_metadata" ("key", "value", "created_at", "updated_at") VALUES ($1, $2, $3, $4) RETURNING "key"[0m  [["key", "environment"], ["value", "development"], ["created_at", "2019-04-18 18:14:21.612704"], ["updated_at", "2019-04-18 18:14:21.612704"]]
  ↳ db/schema.rb:13
  [1m[35m (1.0ms)[0m  [1m[35mCOMMIT[0m
  ↳ db/schema.rb:13
  [1m[36mActiveRecord::InternalMetadata Load (0.3ms)[0m  [1m[34mSELECT  "ar_internal_metadata".* FROM "ar_internal_metadata" WHERE "ar_internal_metadata"."key" = $1 LIMIT $2[0m  [["key", "environment"], ["LIMIT", 1]]
  ↳ bin/rails:9
  [1m[35m (0.2ms)[0m  [1m[35mBEGIN[0m
  ↳ bin/rails:9
  [1m[35m (0.2ms)[0m  [1m[35mCOMMIT[0m
  ↳ bin/rails:9
  [1m[35m (0.2ms)[0m  [1m[35mDROP TABLE IF EXISTS "cocktails" CASCADE[0m
  ↳ db/schema.rb:15
  [1m[35m (11.7ms)[0m  [1m[35mCREATE TABLE "cocktails" ("id" bigserial primary key, "name" character varying, "glass" character varying, "preparation" text, "created_at" timestamp NOT NULL, "updated_at" timestamp NOT NULL)[0m
  ↳ db/schema.rb:15
  [1m[35m (35.2ms)[0m  [1m[35mCREATE TABLE "schema_migrations" ("version" character varying NOT NULL PRIMARY KEY)[0m
  ↳ db/schema.rb:13
  [1m[35m (0.5ms)[0m  [1m[34mSELECT "schema_migrations"."version" FROM "schema_migrations" ORDER BY "schema_migrations"."version" ASC[0m
  ↳ db/schema.rb:13
  [1m[35m (1.1ms)[0m  [1m[32mINSERT INTO "schema_migrations" (version) VALUES (20190417213301)[0m
  ↳ db/schema.rb:13
  [1m[35m (56.7ms)[0m  [1m[35mCREATE TABLE "ar_internal_metadata" ("key" character varying NOT NULL PRIMARY KEY, "value" character varying, "created_at" timestamp NOT NULL, "updated_at" timestamp NOT NULL)[0m
  ↳ db/schema.rb:13
  [1m[36mActiveRecord::InternalMetadata Load (0.3ms)[0m  [1m[34mSELECT  "ar_internal_metadata".* FROM "ar_internal_metadata" WHERE "ar_internal_metadata"."key" = $1 LIMIT $2[0m  [["key", "environment"], ["LIMIT", 1]]
  ↳ db/schema.rb:13
  [1m[35m (0.2ms)[0m  [1m[35mBEGIN[0m
  ↳ db/schema.rb:13
  [1m[36mActiveRecord::InternalMetadata Create (0.5ms)[0m  [1m[32mINSERT INTO "ar_internal_metadata" ("key", "value", "created_at", "updated_at") VALUES ($1, $2, $3, $4) RETURNING "key"[0m  [["key", "environment"], ["value", "development"], ["created_at", "2019-04-18 18:14:21.744040"], ["updated_at", "2019-04-18 18:14:21.744040"]]
  ↳ db/schema.rb:13
  [1m[35m (1.1ms)[0m  [1m[35mCOMMIT[0m
  ↳ db/schema.rb:13
  [1m[36mActiveRecord::InternalMetadata Load (0.3ms)[0m  [1m[34mSELECT  "ar_internal_metadata".* FROM "ar_internal_metadata" WHERE "ar_internal_metadata"."key" = $1 LIMIT $2[0m  [["key", "environment"], ["LIMIT", 1]]
  ↳ bin/rails:9
  [1m[35m (0.1ms)[0m  [1m[35mBEGIN[0m
  ↳ bin/rails:9
  [1m[36mActiveRecord::InternalMetadata Update (0.3ms)[0m  [1m[33mUPDATE "ar_internal_metadata" SET "value" = $1, "updated_at" = $2 WHERE "ar_internal_metadata"."key" = $3[0m  [["value", "test"], ["updated_at", "2019-04-18 18:14:21.748420"], ["key", "environment"]]
  ↳ bin/rails:9
  [1m[35m (1.1ms)[0m  [1m[35mCOMMIT[0m
  ↳ bin/rails:9
  [1m[35m (0.6ms)[0m  [1m[34mSELECT "schema_migrations"."version" FROM "schema_migrations" ORDER BY "schema_migrations"."version" ASC[0m
  ↳ bin/rails:9
  [1m[36mCocktail Destroy (0.5ms)[0m  [1m[31mDELETE FROM "cocktails"[0m
  ↳ db/seeds.rb:13
  [1m[35m (0.1ms)[0m  [1m[35mBEGIN[0m
  ↳ db/seeds.rb:18
  [1m[36mCocktail Create (0.6ms)[0m  [1m[32mINSERT INTO "cocktails" ("name", "glass", "preparation", "created_at", "updated_at") VALUES ($1, $2, $3, $4, $5) RETURNING "id"[0m  [["name", "Vesper"], ["glass", "martini"], ["preparation", "Shake and strain into a chilled cocktail glass."], ["created_at", "2019-04-18 18:14:22.008143"], ["updated_at", "2019-04-18 18:14:22.008143"]]
  ↳ db/seeds.rb:18
  [1m[35m (1.2ms)[0m  [1m[35mCOMMIT[0m
  ↳ db/seeds.rb:18
  [1m[35m (0.2ms)[0m  [1m[35mBEGIN[0m
  ↳ db/seeds.rb:18
  [1m[36mCocktail Create (0.3ms)[0m  [1m[32mINSERT INTO "cocktails" ("name", "glass", "preparation", "created_at", "updated_at") VALUES ($1, $2, $3, $4, $5) RETURNING "id"[0m  [["name", "Bacardi"], ["glass", "martini"], ["preparation", "Shake with ice cubes. Strain into chilled cocktail glass."], ["created_at", "2019-04-18 18:14:22.011503"], ["updated_at", "2019-04-18 18:14:22.011503"]]
  ↳ db/seeds.rb:18
  [1m[35m (1.1ms)[0m  [1m[35mCOMMIT[0m
  ↳ db/seeds.rb:18
  [1m[35m (0.2ms)[0m  [1m[35mBEGIN[0m
  ↳ db/seeds.rb:18
  [1m[36mCocktail Create (0.3ms)[0m  [1m[32mINSERT INTO "cocktails" ("name", "glass", "preparation", "created_at", "updated_at") VALUES ($1, $2, $3, $4, $5) RETURNING "id"[0m  [["name", "Negroni"], ["glass", "old-fashioned"], ["preparation", "Build into old-fashioned glass filled with ice. Stir gently."], ["created_at", "2019-04-18 18:14:22.014126"], ["updated_at", "2019-04-18 18:14:22.014126"]]
  ↳ db/seeds.rb:18
  [1m[35m (1.1ms)[0m  [1m[35mCOMMIT[0m
  ↳ db/seeds.rb:18
  [1m[35m (0.1ms)[0m  [1m[35mBEGIN[0m
  ↳ db/seeds.rb:18
  [1m[36mCocktail Create (0.3ms)[0m  [1m[32mINSERT INTO "cocktails" ("name", "glass", "preparation", "created_at", "updated_at") VALUES ($1, $2, $3, $4, $5) RETURNING "id"[0m  [["name", "Rose"], ["glass", "martini"], ["preparation", "Stir all ingredients with ice and strain into a cocktail glass."], ["created_at", "2019-04-18 18:14:22.016878"], ["updated_at", "2019-04-18 18:14:22.016878"]]
  ↳ db/seeds.rb:18
  [1m[35m (1.1ms)[0m  [1m[35mCOMMIT[0m
  ↳ db/seeds.rb:18
  [1m[35m (0.2ms)[0m  [1m[35mBEGIN[0m
  ↳ db/seeds.rb:18
  [1m[36mCocktail Create (0.3ms)[0m  [1m[32mINSERT INTO "cocktails" ("name", "glass", "preparation", "created_at", "updated_at") VALUES ($1, $2, $3, $4, $5) RETURNING "id"[0m  [["name", "Old Fashioned"], ["glass", "old-fashioned"], ["preparation", "Place sugar cube in old-fashioned glass and saturate with bitters, add a dash of plain water. Muddle until dissolve. Fill the glass with ice cubes and add whisky."], ["created_at", "2019-04-18 18:14:22.019546"], ["updated_at", "2019-04-18 18:14:22.019546"]]
  ↳ db/seeds.rb:18
  [1m[35m (1.0ms)[0m  [1m[35mCOMMIT[0m
  ↳ db/seeds.rb:18
  [1m[35m (0.1ms)[0m  [1m[35mBEGIN[0m
  ↳ db/seeds.rb:18
  [1m[36mCocktail Create (0.3ms)[0m  [1m[32mINSERT INTO "cocktails" ("name", "glass", "preparation", "created_at", "updated_at") VALUES ($1, $2, $3, $4, $5) RETURNING "id"[0m  [["name", "Tuxedo"], ["glass", "martini"], ["preparation", "Stir all ingredients with ice and strain into cocktail glass."], ["created_at", "2019-04-18 18:14:22.022040"], ["updated_at", "2019-04-18 18:14:22.022040"]]
  ↳ db/seeds.rb:18
  [1m[35m (1.2ms)[0m  [1m[35mCOMMIT[0m
  ↳ db/seeds.rb:18
  [1m[35m (0.1ms)[0m  [1m[35mBEGIN[0m
  ↳ db/seeds.rb:18
  [1m[36mCocktail Create (0.3ms)[0m  [1m[32mINSERT INTO "cocktails" ("name", "glass", "preparation", "created_at", "updated_at") VALUES ($1, $2, $3, $4, $5) RETURNING "id"[0m  [["name", "Mojito"], ["glass", "collins"], ["preparation", "Muddle mint springs with sugar and lime juice. Add splash of soda water and fill glass with cracked ice. Pour rum and top with soda water. Serve with straw."], ["created_at", "2019-04-18 18:14:22.024799"], ["updated_at", "2019-04-18 18:14:22.024799"]]
  ↳ db/seeds.rb:18
  [1m[35m (1.1ms)[0m  [1m[35mCOMMIT[0m
  ↳ db/seeds.rb:18
  [1m[35m (0.2ms)[0m  [1m[35mBEGIN[0m
  ↳ db/seeds.rb:18
  [1m[36mCocktail Create (0.3ms)[0m  [1m[32mINSERT INTO "cocktails" ("name", "glass", "preparation", "created_at", "updated_at") VALUES ($1, $2, $3, $4, $5) RETURNING "id"[0m  [["name", "Horse's Neck"], ["glass", "highball"], ["preparation", "Build into highball glass with ice cubes. Stir gently. If required, add dashes of Angostura bitters."], ["created_at", "2019-04-18 18:14:22.027440"], ["updated_at", "2019-04-18 18:14:22.027440"]]
  ↳ db/seeds.rb:18
  [1m[35m (1.2ms)[0m  [1m[35mCOMMIT[0m
  ↳ db/seeds.rb:18
  [1m[35m (0.1ms)[0m  [1m[35mBEGIN[0m
  ↳ db/seeds.rb:18
  [1m[36mCocktail Create (0.2ms)[0m  [1m[32mINSERT INTO "cocktails" ("name", "glass", "preparation", "created_at", "updated_at") VALUES ($1, $2, $3, $4, $5) RETURNING "id"[0m  [["name", "Planter's Punch"], ["glass", "highball"], ["preparation", "Pour all ingredients, except the bitters, into shaker filled with ice. Shake. Pour into large glass, filled with ice. Add Angostura bitters, “on top”."], ["created_at", "2019-04-18 18:14:22.030098"], ["updated_at", "2019-04-18 18:14:22.030098"]]
  ↳ db/seeds.rb:18
  [1m[35m (1.1ms)[0m  [1m[35mCOMMIT[0m
  ↳ db/seeds.rb:18
  [1m[35m (0.1ms)[0m  [1m[35mBEGIN[0m
  ↳ db/seeds.rb:18
  [1m[36mCocktail Create (0.3ms)[0m  [1m[32mINSERT INTO "cocktails" ("name", "glass", "preparation", "created_at", "updated_at") VALUES ($1, $2, $3, $4, $5) RETURNING "id"[0m  [["name", "Sea Breeze"], ["glass", "highball"], ["preparation", "Build all ingredients in a rock glass filled with ice."], ["created_at", "2019-04-18 18:14:22.032722"], ["updated_at", "2019-04-18 18:14:22.032722"]]
  ↳ db/seeds.rb:18
  [1m[35m (1.0ms)[0m  [1m[35mCOMMIT[0m
  ↳ db/seeds.rb:18
  [1m[35m (0.1ms)[0m  [1m[35mBEGIN[0m
  ↳ db/seeds.rb:18
  [1m[36mCocktail Create (0.3ms)[0m  [1m[32mINSERT INTO "cocktails" ("name", "glass", "preparation", "created_at", "updated_at") VALUES ($1, $2, $3, $4, $5) RETURNING "id"[0m  [["name", "Pisco Sour"], ["glass", "old-fashioned"], ["preparation", "Shake and strain into a chilled champagne flute. Dash some Angostura bitters on top."], ["created_at", "2019-04-18 18:14:22.035314"], ["updated_at", "2019-04-18 18:14:22.035314"]]
  ↳ db/seeds.rb:18
  [1m[35m (1.2ms)[0m  [1m[35mCOMMIT[0m
  ↳ db/seeds.rb:18
  [1m[35m (0.2ms)[0m  [1m[35mBEGIN[0m
  ↳ db/seeds.rb:18
  [1m[36mCocktail Create (0.3ms)[0m  [1m[32mINSERT INTO "cocktails" ("name", "glass", "preparation", "created_at", "updated_at") VALUES ($1, $2, $3, $4, $5) RETURNING "id"[0m  [["name", "Long Island Iced Tea"], ["glass", "highball"], ["preparation", "Add all ingredients into highball glass filled with ice. Stir gently. Serve with straw."], ["created_at", "2019-04-18 18:14:22.038036"], ["updated_at", "2019-04-18 18:14:22.038036"]]
  ↳ db/seeds.rb:18
  [1m[35m (1.2ms)[0m  [1m[35mCOMMIT[0m
  ↳ db/seeds.rb:18
  [1m[35m (0.2ms)[0m  [1m[35mBEGIN[0m
  ↳ db/seeds.rb:18
  [1m[36mCocktail Create (0.3ms)[0m  [1m[32mINSERT INTO "cocktails" ("name", "glass", "preparation", "created_at", "updated_at") VALUES ($1, $2, $3, $4, $5) RETURNING "id"[0m  [["name", "Clover Club"], ["glass", "martini"], ["preparation", "Shake with ice cubes. Strain into cocktail glass."], ["created_at", "2019-04-18 18:14:22.040799"], ["updated_at", "2019-04-18 18:14:22.040799"]]
  ↳ db/seeds.rb:18
  [1m[35m (1.2ms)[0m  [1m[35mCOMMIT[0m
  ↳ db/seeds.rb:18
  [1m[35m (0.2ms)[0m  [1m[35mBEGIN[0m
  ↳ db/seeds.rb:18
  [1m[36mCocktail Create (0.3ms)[0m  [1m[32mINSERT INTO "cocktails" ("name", "glass", "preparation", "created_at", "updated_at") VALUES ($1, $2, $3, $4, $5) RETURNING "id"[0m  [["name", "Angel Face"], ["glass", "martini"], ["preparation", "Shake with ice cubes. Strain into a cocktail glass."], ["created_at", "2019-04-18 18:14:22.043656"], ["updated_at", "2019-04-18 18:14:22.043656"]]
  ↳ db/seeds.rb:18
  [1m[35m (1.3ms)[0m  [1m[35mCOMMIT[0m
  ↳ db/seeds.rb:18
  [1m[35m (0.2ms)[0m  [1m[35mBEGIN[0m
  ↳ db/seeds.rb:18
  [1m[36mCocktail Create (0.3ms)[0m  [1m[32mINSERT INTO "cocktails" ("name", "glass", "preparation", "created_at", "updated_at") VALUES ($1, $2, $3, $4, $5) RETURNING "id"[0m  [["name", "Mimosa"], ["glass", "champagne-flute"], ["preparation", "Pour orange juice into flute and gently pour Champagne. Stir gently. Note: a Buck’s Fizz and a Mimosa are the same drink."], ["created_at", "2019-04-18 18:14:22.046629"], ["updated_at", "2019-04-18 18:14:22.046629"]]
  ↳ db/seeds.rb:18
  [1m[35m (1.0ms)[0m  [1m[35mCOMMIT[0m
  ↳ db/seeds.rb:18
  [1m[35m (0.1ms)[0m  [1m[35mBEGIN[0m
  ↳ db/seeds.rb:18
  [1m[36mCocktail Create (0.2ms)[0m  [1m[32mINSERT INTO "cocktails" ("name", "glass", "preparation", "created_at", "updated_at") VALUES ($1, $2, $3, $4, $5) RETURNING "id"[0m  [["name", "Whiskey Sour"], ["glass", "old-fashioned"], ["preparation", "Dash egg white (Optional: if used shake little harder to foam up the egg white). Pour all ingredients into cocktail shaker filled with ice. Shake. Strain into cocktail glass. If served ‘On the rocks’, strain ingredients into old-fashioned glass filled with ice."], ["created_at", "2019-04-18 18:14:22.049256"], ["updated_at", "2019-04-18 18:14:22.049256"]]
  ↳ db/seeds.rb:18
  [1m[35m (1.1ms)[0m  [1m[35mCOMMIT[0m
  ↳ db/seeds.rb:18
  [1m[35m (0.1ms)[0m  [1m[35mBEGIN[0m
  ↳ db/seeds.rb:18
  [1m[36mCocktail Create (0.5ms)[0m  [1m[32mINSERT INTO "cocktails" ("name", "glass", "preparation", "created_at", "updated_at") VALUES ($1, $2, $3, $4, $5) RETURNING "id"[0m  [["name", "Screwdriver"], ["glass", "highball"], ["preparation", "Build into a highball glass filled with ice. Stir gently."], ["created_at", "2019-04-18 18:14:22.057791"], ["updated_at", "2019-04-18 18:14:22.057791"]]
  ↳ db/seeds.rb:18
  [1m[35m (1.2ms)[0m  [1m[35mCOMMIT[0m
  ↳ db/seeds.rb:18
  [1m[35m (0.2ms)[0m  [1m[35mBEGIN[0m
  ↳ db/seeds.rb:18
  [1m[36mCocktail Create (0.3ms)[0m  [1m[32mINSERT INTO "cocktails" ("name", "glass", "preparation", "created_at", "updated_at") VALUES ($1, $2, $3, $4, $5) RETURNING "id"[0m  [["name", "Cuba Libre"], ["glass", "highball"], ["preparation", "Build all ingredients in a highball glass filled with ice."], ["created_at", "2019-04-18 18:14:22.060945"], ["updated_at", "2019-04-18 18:14:22.060945"]]
  ↳ db/seeds.rb:18
  [1m[35m (1.1ms)[0m  [1m[35mCOMMIT[0m
  ↳ db/seeds.rb:18
  [1m[35m (0.1ms)[0m  [1m[35mBEGIN[0m
  ↳ db/seeds.rb:18
  [1m[36mCocktail Create (0.3ms)[0m  [1m[32mINSERT INTO "cocktails" ("name", "glass", "preparation", "created_at", "updated_at") VALUES ($1, $2, $3, $4, $5) RETURNING "id"[0m  [["name", "Manhattan"], ["glass", "martini"], ["preparation", "Stir in mixing glass with ice cubes. Strain into chilled cocktail glass."], ["created_at", "2019-04-18 18:14:22.063641"], ["updated_at", "2019-04-18 18:14:22.063641"]]
  ↳ db/seeds.rb:18
  [1m[35m (1.1ms)[0m  [1m[35mCOMMIT[0m
  ↳ db/seeds.rb:18
  [1m[35m (0.2ms)[0m  [1m[35mBEGIN[0m
  ↳ db/seeds.rb:18
  [1m[36mCocktail Create (0.3ms)[0m  [1m[32mINSERT INTO "cocktails" ("name", "glass", "preparation", "created_at", "updated_at") VALUES ($1, $2, $3, $4, $5) RETURNING "id"[0m  [["name", "Porto Flip"], ["glass", "martini"], ["preparation", "Shake with ice cubes. Strain into cocktail glass. Sprinkle with fresh ground nutmeg."], ["created_at", "2019-04-18 18:14:22.066484"], ["updated_at", "2019-04-18 18:14:22.066484"]]
  ↳ db/seeds.rb:18
  [1m[35m (1.2ms)[0m  [1m[35mCOMMIT[0m
  ↳ db/seeds.rb:18
  [1m[35m (0.1ms)[0m  [1m[35mBEGIN[0m
  ↳ db/seeds.rb:18
  [1m[36mCocktail Create (0.3ms)[0m  [1m[32mINSERT INTO "cocktails" ("name", "glass", "preparation", "created_at", "updated_at") VALUES ($1, $2, $3, $4, $5) RETURNING "id"[0m  [["name", "Gin Fizz"], ["glass", "highball"], ["preparation", "Shake all ingredients with ice cubes, except soda water. Pour into tumbler. Top with soda water."], ["created_at", "2019-04-18 18:14:22.069407"], ["updated_at", "2019-04-18 18:14:22.069407"]]
  ↳ db/seeds.rb:18
  [1m[35m (1.1ms)[0m  [1m[35mCOMMIT[0m
  ↳ db/seeds.rb:18
  [1m[35m (0.1ms)[0m  [1m[35mBEGIN[0m
  ↳ db/seeds.rb:18
  [1m[36mCocktail Create (0.3ms)[0m  [1m[32mINSERT INTO "cocktails" ("name", "glass", "preparation", "created_at", "updated_at") VALUES ($1, $2, $3, $4, $5) RETURNING "id"[0m  [["name", "Espresso Martini"], ["glass", "martini"], ["preparation", "Shake and strain into a chilled cocktail glass."], ["created_at", "2019-04-18 18:14:22.072109"], ["updated_at", "2019-04-18 18:14:22.072109"]]
  ↳ db/seeds.rb:18
  [1m[35m (1.2ms)[0m  [1m[35mCOMMIT[0m
  ↳ db/seeds.rb:18
  [1m[35m (0.2ms)[0m  [1m[35mBEGIN[0m
  ↳ db/seeds.rb:18
  [1m[36mCocktail Create (0.3ms)[0m  [1m[32mINSERT INTO "cocktails" ("name", "glass", "preparation", "created_at", "updated_at") VALUES ($1, $2, $3, $4, $5) RETURNING "id"[0m  [["name", "Margarita"], ["glass", "margarita"], ["preparation", "Shake with ice cubes. Strain into cocktail glass rimmed with salt (note:Fruit Margarita - blend selected fruit with the above recipe)."], ["created_at", "2019-04-18 18:14:22.074920"], ["updated_at", "2019-04-18 18:14:22.074920"]]
  ↳ db/seeds.rb:18
  [1m[35m (1.1ms)[0m  [1m[35mCOMMIT[0m
  ↳ db/seeds.rb:18
  [1m[35m (0.2ms)[0m  [1m[35mBEGIN[0m
  ↳ db/seeds.rb:18
  [1m[36mCocktail Create (0.3ms)[0m  [1m[32mINSERT INTO "cocktails" ("name", "glass", "preparation", "created_at", "updated_at") VALUES ($1, $2, $3, $4, $5) RETURNING "id"[0m  [["name", "French 75"], ["glass", "champagne-tulip"], ["preparation", "Shake with ice cubes, except for champagne. Strain into a champagne flute. Top up with champagne. Stir gently."], ["created_at", "2019-04-18 18:14:22.077685"], ["updated_at", "2019-04-18 18:14:22.077685"]]
  ↳ db/seeds.rb:18
  [1m[35m (1.1ms)[0m  [1m[35mCOMMIT[0m
  ↳ db/seeds.rb:18
  [1m[35m (0.1ms)[0m  [1m[35mBEGIN[0m
  ↳ db/seeds.rb:18
  [1m[36mCocktail Create (0.2ms)[0m  [1m[32mINSERT INTO "cocktails" ("name", "glass", "preparation", "created_at", "updated_at") VALUES ($1, $2, $3, $4, $5) RETURNING "id"[0m  [["name", "Yellow Bird"], ["glass", "martini"], ["preparation", "Shake and strain into a chilled cocktail glass."], ["created_at", "2019-04-18 18:14:22.080298"], ["updated_at", "2019-04-18 18:14:22.080298"]]
  ↳ db/seeds.rb:18
  [1m[35m (1.0ms)[0m  [1m[35mCOMMIT[0m
  ↳ db/seeds.rb:18
  [1m[35m (0.1ms)[0m  [1m[35mBEGIN[0m
  ↳ db/seeds.rb:18
  [1m[36mCocktail Create (0.3ms)[0m  [1m[32mINSERT INTO "cocktails" ("name", "glass", "preparation", "created_at", "updated_at") VALUES ($1, $2, $3, $4, $5) RETURNING "id"[0m  [["name", "Pina Colada"], ["glass", "hurricane"], ["preparation", "Blend all the ingredients with ice in a electric blender, pour into a large goblet or Hurricane glass and serve with straws."], ["created_at", "2019-04-18 18:14:22.082691"], ["updated_at", "2019-04-18 18:14:22.082691"]]
  ↳ db/seeds.rb:18
  [1m[35m (1.1ms)[0m  [1m[35mCOMMIT[0m
  ↳ db/seeds.rb:18
  [1m[35m (0.1ms)[0m  [1m[35mBEGIN[0m
  ↳ db/seeds.rb:18
  [1m[36mCocktail Create (0.3ms)[0m  [1m[32mINSERT INTO "cocktails" ("name", "glass", "preparation", "created_at", "updated_at") VALUES ($1, $2, $3, $4, $5) RETURNING "id"[0m  [["name", "Aviation"], ["glass", "martini"], ["preparation", "Shake and strain into a chilled cocktail glass."], ["created_at", "2019-04-18 18:14:22.085409"], ["updated_at", "2019-04-18 18:14:22.085409"]]
  ↳ db/seeds.rb:18
  [1m[35m (1.1ms)[0m  [1m[35mCOMMIT[0m
  ↳ db/seeds.rb:18
  [1m[35m (0.1ms)[0m  [1m[35mBEGIN[0m
  ↳ db/seeds.rb:18
  [1m[36mCocktail Create (0.3ms)[0m  [1m[32mINSERT INTO "cocktails" ("name", "glass", "preparation", "created_at", "updated_at") VALUES ($1, $2, $3, $4, $5) RETURNING "id"[0m  [["name", "Bellini"], ["glass", "champagne-flute"], ["preparation", "Pour peach puree into chilled glass and add sparkling wine. Stir gently. Variations: Puccini (fresh mandarin juice), Rossini (fresh strawberry puree), Tintoretto (fresh pomegranate juice)"], ["created_at", "2019-04-18 18:14:22.087975"], ["updated_at", "2019-04-18 18:14:22.087975"]]
  ↳ db/seeds.rb:18
  [1m[35m (1.0ms)[0m  [1m[35mCOMMIT[0m
  ↳ db/seeds.rb:18
  [1m[35m (0.1ms)[0m  [1m[35mBEGIN[0m
  ↳ db/seeds.rb:18
  [1m[36mCocktail Create (0.2ms)[0m  [1m[32mINSERT INTO "cocktails" ("name", "glass", "preparation", "created_at", "updated_at") VALUES ($1, $2, $3, $4, $5) RETURNING "id"[0m  [["name", "Grasshopper"], ["glass", "martini"], ["preparation", "Shake with ice cubes. Strain into chilled cocktail glass."], ["created_at", "2019-04-18 18:14:22.090548"], ["updated_at", "2019-04-18 18:14:22.090548"]]
  ↳ db/seeds.rb:18
  [1m[35m (1.0ms)[0m  [1m[35mCOMMIT[0m
  ↳ db/seeds.rb:18
  [1m[35m (0.1ms)[0m  [1m[35mBEGIN[0m
  ↳ db/seeds.rb:18
  [1m[36mCocktail Create (0.3ms)[0m  [1m[32mINSERT INTO "cocktails" ("name", "glass", "preparation", "created_at", "updated_at") VALUES ($1, $2, $3, $4, $5) RETURNING "id"[0m  [["name", "Tequila Sunrise"], ["glass", "highball"], ["preparation", "Build tequila and orange juice into highball with ice cubes. Add a splash of grenadine to create sunrise effect. Do not stir."], ["created_at", "2019-04-18 18:14:22.093123"], ["updated_at", "2019-04-18 18:14:22.093123"]]
  ↳ db/seeds.rb:18
  [1m[35m (1.1ms)[0m  [1m[35mCOMMIT[0m
  ↳ db/seeds.rb:18
  [1m[35m (0.1ms)[0m  [1m[35mBEGIN[0m
  ↳ db/seeds.rb:18
  [1m[36mCocktail Create (0.3ms)[0m  [1m[32mINSERT INTO "cocktails" ("name", "glass", "preparation", "created_at", "updated_at") VALUES ($1, $2, $3, $4, $5) RETURNING "id"[0m  [["name", "Daiquiri"], ["glass", "martini"], ["preparation", "Shake and strain into a cocktail glass."], ["created_at", "2019-04-18 18:14:22.095820"], ["updated_at", "2019-04-18 18:14:22.095820"]]
  ↳ db/seeds.rb:18
  [1m[35m (1.0ms)[0m  [1m[35mCOMMIT[0m
  ↳ db/seeds.rb:18
  [1m[35m (0.1ms)[0m  [1m[35mBEGIN[0m
  ↳ db/seeds.rb:18
  [1m[36mCocktail Create (0.2ms)[0m  [1m[32mINSERT INTO "cocktails" ("name", "glass", "preparation", "created_at", "updated_at") VALUES ($1, $2, $3, $4, $5) RETURNING "id"[0m  [["name", "Rusty Nail"], ["glass", "old-fashioned"], ["preparation", "Build into old-fashioned glass filled with ice. Stir gently."], ["created_at", "2019-04-18 18:14:22.098315"], ["updated_at", "2019-04-18 18:14:22.098315"]]
  ↳ db/seeds.rb:18
  [1m[35m (1.0ms)[0m  [1m[35mCOMMIT[0m
  ↳ db/seeds.rb:18
  [1m[35m (0.1ms)[0m  [1m[35mBEGIN[0m
  ↳ db/seeds.rb:18
  [1m[36mCocktail Create (0.3ms)[0m  [1m[32mINSERT INTO "cocktails" ("name", "glass", "preparation", "created_at", "updated_at") VALUES ($1, $2, $3, $4, $5) RETURNING "id"[0m  [["name", "B52"], ["glass", "shot"], ["preparation", "Layer ingredients one at a time starting with Kahlúa, followed by Baileys Irish Cream and top with Grand Marnier. Flame the Grand Marnier, serve while the flame is still on, accompanied with a straw on side plate."], ["created_at", "2019-04-18 18:14:22.100862"], ["updated_at", "2019-04-18 18:14:22.100862"]]
  ↳ db/seeds.rb:18
  [1m[35m (1.1ms)[0m  [1m[35mCOMMIT[0m
  ↳ db/seeds.rb:18
  [1m[35m (0.1ms)[0m  [1m[35mBEGIN[0m
  ↳ db/seeds.rb:18
  [1m[36mCocktail Create (0.2ms)[0m  [1m[32mINSERT INTO "cocktails" ("name", "glass", "preparation", "created_at", "updated_at") VALUES ($1, $2, $3, $4, $5) RETURNING "id"[0m  [["name", "Stinger"], ["glass", "martini"], ["preparation", "Stir in mixing glass with ice cubes. Strain into a cocktail glass."], ["created_at", "2019-04-18 18:14:22.103533"], ["updated_at", "2019-04-18 18:14:22.103533"]]
  ↳ db/seeds.rb:18
  [1m[35m (1.0ms)[0m  [1m[35mCOMMIT[0m
  ↳ db/seeds.rb:18
  [1m[35m (0.1ms)[0m  [1m[35mBEGIN[0m
  ↳ db/seeds.rb:18
  [1m[36mCocktail Create (0.2ms)[0m  [1m[32mINSERT INTO "cocktails" ("name", "glass", "preparation", "created_at", "updated_at") VALUES ($1, $2, $3, $4, $5) RETURNING "id"[0m  [["name", "Golden Dream"], ["glass", "martini"], ["preparation", "Shake with ice cubes. Strain into chilled cocktail glass."], ["created_at", "2019-04-18 18:14:22.105969"], ["updated_at", "2019-04-18 18:14:22.105969"]]
  ↳ db/seeds.rb:18
  [1m[35m (1.0ms)[0m  [1m[35mCOMMIT[0m
  ↳ db/seeds.rb:18
  [1m[35m (0.1ms)[0m  [1m[35mBEGIN[0m
  ↳ db/seeds.rb:18
  [1m[36mCocktail Create (0.2ms)[0m  [1m[32mINSERT INTO "cocktails" ("name", "glass", "preparation", "created_at", "updated_at") VALUES ($1, $2, $3, $4, $5) RETURNING "id"[0m  [["name", "God Mother"], ["glass", "old-fashioned"], ["preparation", "Build into old fashioned glass filled with ice cubes. Stir gently."], ["created_at", "2019-04-18 18:14:22.108435"], ["updated_at", "2019-04-18 18:14:22.108435"]]
  ↳ db/seeds.rb:18
  [1m[35m (1.0ms)[0m  [1m[35mCOMMIT[0m
  ↳ db/seeds.rb:18
  [1m[35m (0.1ms)[0m  [1m[35mBEGIN[0m
  ↳ db/seeds.rb:18
  [1m[36mCocktail Create (0.2ms)[0m  [1m[32mINSERT INTO "cocktails" ("name", "glass", "preparation", "created_at", "updated_at") VALUES ($1, $2, $3, $4, $5) RETURNING "id"[0m  [["name", "Spritz Veneziano"], ["glass", "old-fashioned"], ["preparation", "Build into an old-fashioned glass filled with ice. Top with a splash of soda water."], ["created_at", "2019-04-18 18:14:22.110940"], ["updated_at", "2019-04-18 18:14:22.110940"]]
  ↳ db/seeds.rb:18
  [1m[35m (1.2ms)[0m  [1m[35mCOMMIT[0m
  ↳ db/seeds.rb:18
  [1m[35m (0.1ms)[0m  [1m[35mBEGIN[0m
  ↳ db/seeds.rb:18
  [1m[36mCocktail Create (0.2ms)[0m  [1m[32mINSERT INTO "cocktails" ("name", "glass", "preparation", "created_at", "updated_at") VALUES ($1, $2, $3, $4, $5) RETURNING "id"[0m  [["name", "Bramble"], ["glass", "old-fashioned"], ["preparation", "Build over crushed ice, in a rock glass. Stir, then pour the blackberry liqueur over the top of the drink in a circular fashion."], ["created_at", "2019-04-18 18:14:22.113597"], ["updated_at", "2019-04-18 18:14:22.113597"]]
  ↳ db/seeds.rb:18
  [1m[35m (1.3ms)[0m  [1m[35mCOMMIT[0m
  ↳ db/seeds.rb:18
  [1m[35m (0.2ms)[0m  [1m[35mBEGIN[0m
  ↳ db/seeds.rb:18
  [1m[36mCocktail Create (0.3ms)[0m  [1m[32mINSERT INTO "cocktails" ("name", "glass", "preparation", "created_at", "updated_at") VALUES ($1, $2, $3, $4, $5) RETURNING "id"[0m  [["name", "Alexander"], ["glass", "martini"], ["preparation", "Shake and strain into a chilled cocktail glass. Sprinkle with fresh ground nutmeg."], ["created_at", "2019-04-18 18:14:22.116555"], ["updated_at", "2019-04-18 18:14:22.116555"]]
  ↳ db/seeds.rb:18
  [1m[35m (1.1ms)[0m  [1m[35mCOMMIT[0m
  ↳ db/seeds.rb:18
  [1m[35m (0.1ms)[0m  [1m[35mBEGIN[0m
  ↳ db/seeds.rb:18
  [1m[36mCocktail Create (0.2ms)[0m  [1m[32mINSERT INTO "cocktails" ("name", "glass", "preparation", "created_at", "updated_at") VALUES ($1, $2, $3, $4, $5) RETURNING "id"[0m  [["name", "Lemon Drop Martini"], ["glass", "martini"], ["preparation", "Shake and strain into a chilled cocktail glass rimmed with sugar."], ["created_at", "2019-04-18 18:14:22.119255"], ["updated_at", "2019-04-18 18:14:22.119255"]]
  ↳ db/seeds.rb:18
  [1m[35m (1.0ms)[0m  [1m[35mCOMMIT[0m
  ↳ db/seeds.rb:18
  [1m[35m (0.1ms)[0m  [1m[35mBEGIN[0m
  ↳ db/seeds.rb:18
  [1m[36mCocktail Create (0.2ms)[0m  [1m[32mINSERT INTO "cocktails" ("name", "glass", "preparation", "created_at", "updated_at") VALUES ($1, $2, $3, $4, $5) RETURNING "id"[0m  [["name", "French Martini"], ["glass", "martini"], ["preparation", "Stir in mixing glass with ice cubes. Strain into chilled cocktail glass. Squeeze oil from lemon peel onto the drink."], ["created_at", "2019-04-18 18:14:22.121729"], ["updated_at", "2019-04-18 18:14:22.121729"]]
  ↳ db/seeds.rb:18
  [1m[35m (1.0ms)[0m  [1m[35mCOMMIT[0m
  ↳ db/seeds.rb:18
  [1m[35m (0.2ms)[0m  [1m[35mBEGIN[0m
  ↳ db/seeds.rb:18
  [1m[36mCocktail Create (0.3ms)[0m  [1m[32mINSERT INTO "cocktails" ("name", "glass", "preparation", "created_at", "updated_at") VALUES ($1, $2, $3, $4, $5) RETURNING "id"[0m  [["name", "Black Russian"], ["glass", "old-fashioned"], ["preparation", "Build into old fashioned glass filled with ice cubes. Stir gently. Note: for White Russian, float fresh cream on the top and stir gently."], ["created_at", "2019-04-18 18:14:22.124317"], ["updated_at", "2019-04-18 18:14:22.124317"]]
  ↳ db/seeds.rb:18
  [1m[35m (1.0ms)[0m  [1m[35mCOMMIT[0m
  ↳ db/seeds.rb:18
  [1m[35m (0.1ms)[0m  [1m[35mBEGIN[0m
  ↳ db/seeds.rb:18
  [1m[36mCocktail Create (0.3ms)[0m  [1m[32mINSERT INTO "cocktails" ("name", "glass", "preparation", "created_at", "updated_at") VALUES ($1, $2, $3, $4, $5) RETURNING "id"[0m  [["name", "Bloody Mary"], ["glass", "highball"], ["preparation", "Stir gently, pour all ingredients into highball glass."], ["created_at", "2019-04-18 18:14:22.126753"], ["updated_at", "2019-04-18 18:14:22.126753"]]
  ↳ db/seeds.rb:18
  [1m[35m (1.0ms)[0m  [1m[35mCOMMIT[0m
  ↳ db/seeds.rb:18
  [1m[35m (0.1ms)[0m  [1m[35mBEGIN[0m
  ↳ db/seeds.rb:18
  [1m[36mCocktail Create (0.2ms)[0m  [1m[32mINSERT INTO "cocktails" ("name", "glass", "preparation", "created_at", "updated_at") VALUES ($1, $2, $3, $4, $5) RETURNING "id"[0m  [["name", "Mai-tai"], ["glass", "highball"], ["preparation", "Shake and strain into highball glass. Serve with straw."], ["created_at", "2019-04-18 18:14:22.129356"], ["updated_at", "2019-04-18 18:14:22.129356"]]
  ↳ db/seeds.rb:18
  [1m[35m (1.1ms)[0m  [1m[35mCOMMIT[0m
  ↳ db/seeds.rb:18
  [1m[35m (0.2ms)[0m  [1m[35mBEGIN[0m
  ↳ db/seeds.rb:18
  [1m[36mCocktail Create (0.2ms)[0m  [1m[32mINSERT INTO "cocktails" ("name", "glass", "created_at", "updated_at") VALUES ($1, $2, $3, $4) RETURNING "id"[0m  [["name", "Barracuda"], ["glass", "margarita"], ["created_at", "2019-04-18 18:14:22.132082"], ["updated_at", "2019-04-18 18:14:22.132082"]]
  ↳ db/seeds.rb:18
  [1m[35m (1.1ms)[0m  [1m[35mCOMMIT[0m
  ↳ db/seeds.rb:18
  [1m[35m (0.1ms)[0m  [1m[35mBEGIN[0m
  ↳ db/seeds.rb:18
  [1m[36mCocktail Create (0.3ms)[0m  [1m[32mINSERT INTO "cocktails" ("name", "glass", "preparation", "created_at", "updated_at") VALUES ($1, $2, $3, $4, $5) RETURNING "id"[0m  [["name", "Sex on the Beach"], ["glass", "highball"], ["preparation", "Build all ingredients in a highball glass filled with ice."], ["created_at", "2019-04-18 18:14:22.134728"], ["updated_at", "2019-04-18 18:14:22.134728"]]
  ↳ db/seeds.rb:18
  [1m[35m (1.0ms)[0m  [1m[35mCOMMIT[0m
  ↳ db/seeds.rb:18
  [1m[35m (0.1ms)[0m  [1m[35mBEGIN[0m
  ↳ db/seeds.rb:18
  [1m[36mCocktail Create (0.2ms)[0m  [1m[32mINSERT INTO "cocktails" ("name", "glass", "preparation", "created_at", "updated_at") VALUES ($1, $2, $3, $4, $5) RETURNING "id"[0m  [["name", "Monkey Gland"], ["glass", "martini"], ["preparation", "Shake and strain into a chilled cocktail glass."], ["created_at", "2019-04-18 18:14:22.137271"], ["updated_at", "2019-04-18 18:14:22.137271"]]
  ↳ db/seeds.rb:18
  [1m[35m (1.2ms)[0m  [1m[35mCOMMIT[0m
  ↳ db/seeds.rb:18
  [1m[35m (0.1ms)[0m  [1m[35mBEGIN[0m
  ↳ db/seeds.rb:18
  [1m[36mCocktail Create (0.3ms)[0m  [1m[32mINSERT INTO "cocktails" ("name", "glass", "preparation", "created_at", "updated_at") VALUES ($1, $2, $3, $4, $5) RETURNING "id"[0m  [["name", "Derby"], ["glass", "martini"], ["preparation", "Stir in mixing glass with ice cubes. Strain into a cocktail glass."], ["created_at", "2019-04-18 18:14:22.139980"], ["updated_at", "2019-04-18 18:14:22.139980"]]
  ↳ db/seeds.rb:18
  [1m[35m (1.1ms)[0m  [1m[35mCOMMIT[0m
  ↳ db/seeds.rb:18
  [1m[35m (0.2ms)[0m  [1m[35mBEGIN[0m
  ↳ db/seeds.rb:18
  [1m[36mCocktail Create (0.3ms)[0m  [1m[32mINSERT INTO "cocktails" ("name", "glass", "preparation", "created_at", "updated_at") VALUES ($1, $2, $3, $4, $5) RETURNING "id"[0m  [["name", "Sidecar"], ["glass", "martini"], ["preparation", "Shake with ice cubes. Strain into cocktail glass."], ["created_at", "2019-04-18 18:14:22.142668"], ["updated_at", "2019-04-18 18:14:22.142668"]]
  ↳ db/seeds.rb:18
  [1m[35m (1.0ms)[0m  [1m[35mCOMMIT[0m
  ↳ db/seeds.rb:18
  [1m[35m (0.1ms)[0m  [1m[35mBEGIN[0m
  ↳ db/seeds.rb:18
  [1m[36mCocktail Create (0.5ms)[0m  [1m[32mINSERT INTO "cocktails" ("name", "glass", "preparation", "created_at", "updated_at") VALUES ($1, $2, $3, $4, $5) RETURNING "id"[0m  [["name", "Irish Coffee"], ["glass", "hot-drink"], ["preparation", "Warm the Irish whiskey over a burner. Pour into the glass (for hot drink) hot coffee, and add a teaspoon of sugar. Float Cream on top."], ["created_at", "2019-04-18 18:14:22.145311"], ["updated_at", "2019-04-18 18:14:22.145311"]]
  ↳ db/seeds.rb:18
  [1m[35m (0.9ms)[0m  [1m[35mCOMMIT[0m
  ↳ db/seeds.rb:18
  [1m[35m (0.1ms)[0m  [1m[35mBEGIN[0m
  ↳ db/seeds.rb:18
  [1m[36mCocktail Create (0.2ms)[0m  [1m[32mINSERT INTO "cocktails" ("name", "glass", "preparation", "created_at", "updated_at") VALUES ($1, $2, $3, $4, $5) RETURNING "id"[0m  [["name", "Sazerac"], ["glass", "old-fashioned"], ["preparation", "Rinse a chilled old-fashioned glass with the absinthe, add crushed ice and set it aside. Stir the remaining ingredients over ice and set it aside. Discard the ice and any excess absinthe from the prepared glass, and strain the drink into the glass. Note: The original recipe changed after the American Civil War, rye whiskey substituted cognac as it became hard to obtain."], ["created_at", "2019-04-18 18:14:22.148014"], ["updated_at", "2019-04-18 18:14:22.148014"]]
  ↳ db/seeds.rb:18
  [1m[35m (0.9ms)[0m  [1m[35mCOMMIT[0m
  ↳ db/seeds.rb:18
  [1m[35m (0.1ms)[0m  [1m[35mBEGIN[0m
  ↳ db/seeds.rb:18
  [1m[36mCocktail Create (0.3ms)[0m  [1m[32mINSERT INTO "cocktails" ("name", "glass", "preparation", "created_at", "updated_at") VALUES ($1, $2, $3, $4, $5) RETURNING "id"[0m  [["name", "Americano"], ["glass", "old-fashioned"], ["preparation", "Build into old fashioned glass filled with ice cubes. Add a splash of soda water."], ["created_at", "2019-04-18 18:14:22.150456"], ["updated_at", "2019-04-18 18:14:22.150456"]]
  ↳ db/seeds.rb:18
  [1m[35m (1.1ms)[0m  [1m[35mCOMMIT[0m
  ↳ db/seeds.rb:18
  [1m[35m (0.1ms)[0m  [1m[35mBEGIN[0m
  ↳ db/seeds.rb:18
  [1m[36mCocktail Create (0.2ms)[0m  [1m[32mINSERT INTO "cocktails" ("name", "glass", "preparation", "created_at", "updated_at") VALUES ($1, $2, $3, $4, $5) RETURNING "id"[0m  [["name", "Singapore Sling"], ["glass", "highball"], ["preparation", "Shake with ice cubes. Strain into highball glass."], ["created_at", "2019-04-18 18:14:22.153094"], ["updated_at", "2019-04-18 18:14:22.153094"]]
  ↳ db/seeds.rb:18
  [1m[35m (1.0ms)[0m  [1m[35mCOMMIT[0m
  ↳ db/seeds.rb:18
  [1m[35m (0.1ms)[0m  [1m[35mBEGIN[0m
  ↳ db/seeds.rb:18
  [1m[36mCocktail Create (0.3ms)[0m  [1m[32mINSERT INTO "cocktails" ("name", "glass", "preparation", "created_at", "updated_at") VALUES ($1, $2, $3, $4, $5) RETURNING "id"[0m  [["name", "French Connection"], ["glass", "old-fashioned"], ["preparation", "Build into old fashioned glass filled with ice cubes. Stir gently."], ["created_at", "2019-04-18 18:14:22.155689"], ["updated_at", "2019-04-18 18:14:22.155689"]]
  ↳ db/seeds.rb:18
  [1m[35m (1.1ms)[0m  [1m[35mCOMMIT[0m
  ↳ db/seeds.rb:18
  [1m[35m (0.1ms)[0m  [1m[35mBEGIN[0m
  ↳ db/seeds.rb:18
  [1m[36mCocktail Create (0.3ms)[0m  [1m[32mINSERT INTO "cocktails" ("name", "glass", "preparation", "created_at", "updated_at") VALUES ($1, $2, $3, $4, $5) RETURNING "id"[0m  [["name", "Moscow Mule"], ["glass", "highball"], ["preparation", "Combine the vodka and ginger beer. Add lime juice."], ["created_at", "2019-04-18 18:14:22.158402"], ["updated_at", "2019-04-18 18:14:22.158402"]]
  ↳ db/seeds.rb:18
  [1m[35m (1.0ms)[0m  [1m[35mCOMMIT[0m
  ↳ db/seeds.rb:18
  [1m[35m (0.1ms)[0m  [1m[35mBEGIN[0m
  ↳ db/seeds.rb:18
  [1m[36mCocktail Create (0.2ms)[0m  [1m[32mINSERT INTO "cocktails" ("name", "glass", "preparation", "created_at", "updated_at") VALUES ($1, $2, $3, $4, $5) RETURNING "id"[0m  [["name", "John Collins"], ["glass", "highball"], ["preparation", "Build into highball glass filled with ice. Stir gently. Add a dash of Angostura bitters. (Note: Use Old Tom Gin for Tom Collins)"], ["created_at", "2019-04-18 18:14:22.160924"], ["updated_at", "2019-04-18 18:14:22.160924"]]
  ↳ db/seeds.rb:18
  [1m[35m (1.1ms)[0m  [1m[35mCOMMIT[0m
  ↳ db/seeds.rb:18
  [1m[35m (0.1ms)[0m  [1m[35mBEGIN[0m
  ↳ db/seeds.rb:18
  [1m[36mCocktail Create (0.2ms)[0m  [1m[32mINSERT INTO "cocktails" ("name", "glass", "preparation", "created_at", "updated_at") VALUES ($1, $2, $3, $4, $5) RETURNING "id"[0m  [["name", "Kir"], ["glass", "white-wine"], ["preparation", "Pour Créme de Cassis into glass, top up with white wine. For Kir Royal: Use champagne instead of white wine."], ["created_at", "2019-04-18 18:14:22.163481"], ["updated_at", "2019-04-18 18:14:22.163481"]]
  ↳ db/seeds.rb:18
  [1m[35m (0.9ms)[0m  [1m[35mCOMMIT[0m
  ↳ db/seeds.rb:18
  [1m[35m (0.2ms)[0m  [1m[35mBEGIN[0m
  ↳ db/seeds.rb:18
  [1m[36mCocktail Create (0.2ms)[0m  [1m[32mINSERT INTO "cocktails" ("name", "glass", "preparation", "created_at", "updated_at") VALUES ($1, $2, $3, $4, $5) RETURNING "id"[0m  [["name", "Mint Julep"], ["glass", "highball"], ["preparation", "In a highball glass gently muddle the mint, sugar and water. Fill the glass with cracked ice, add Bourbon and stir well until the glass is frost."], ["created_at", "2019-04-18 18:14:22.165986"], ["updated_at", "2019-04-18 18:14:22.165986"]]
  ↳ db/seeds.rb:18
  [1m[35m (1.5ms)[0m  [1m[35mCOMMIT[0m
  ↳ db/seeds.rb:18
  [1m[35m (0.1ms)[0m  [1m[35mBEGIN[0m
  ↳ db/seeds.rb:18
  [1m[36mCocktail Create (0.2ms)[0m  [1m[32mINSERT INTO "cocktails" ("name", "glass", "preparation", "created_at", "updated_at") VALUES ($1, $2, $3, $4, $5) RETURNING "id"[0m  [["name", "Tommy's Margarita"], ["glass", "martini"], ["preparation", "Shake and strain into a chilled cocktail glass."], ["created_at", "2019-04-18 18:14:22.169005"], ["updated_at", "2019-04-18 18:14:22.169005"]]
  ↳ db/seeds.rb:18
  [1m[35m (1.1ms)[0m  [1m[35mCOMMIT[0m
  ↳ db/seeds.rb:18
  [1m[35m (0.1ms)[0m  [1m[35mBEGIN[0m
  ↳ db/seeds.rb:18
  [1m[36mCocktail Create (0.3ms)[0m  [1m[32mINSERT INTO "cocktails" ("name", "glass", "preparation", "created_at", "updated_at") VALUES ($1, $2, $3, $4, $5) RETURNING "id"[0m  [["name", "Paradise"], ["glass", "martini"], ["preparation", "Shake with ice cubes. Strain into chilled cocktail glass."], ["created_at", "2019-04-18 18:14:22.171626"], ["updated_at", "2019-04-18 18:14:22.171626"]]
  ↳ db/seeds.rb:18
  [1m[35m (0.9ms)[0m  [1m[35mCOMMIT[0m
  ↳ db/seeds.rb:18
  [1m[35m (0.1ms)[0m  [1m[35mBEGIN[0m
  ↳ db/seeds.rb:18
  [1m[36mCocktail Create (0.2ms)[0m  [1m[32mINSERT INTO "cocktails" ("name", "glass", "preparation", "created_at", "updated_at") VALUES ($1, $2, $3, $4, $5) RETURNING "id"[0m  [["name", "Dirty Martini"], ["glass", "martini"], ["preparation", "Stir in mixing glass with ice cubes. Strain into chilled martini glass."], ["created_at", "2019-04-18 18:14:22.174088"], ["updated_at", "2019-04-18 18:14:22.174088"]]
  ↳ db/seeds.rb:18
  [1m[35m (1.0ms)[0m  [1m[35mCOMMIT[0m
  ↳ db/seeds.rb:18
  [1m[35m (0.1ms)[0m  [1m[35mBEGIN[0m
  ↳ db/seeds.rb:18
  [1m[36mCocktail Create (0.3ms)[0m  [1m[32mINSERT INTO "cocktails" ("name", "glass", "preparation", "created_at", "updated_at") VALUES ($1, $2, $3, $4, $5) RETURNING "id"[0m  [["name", "Champagne Cocktail"], ["glass", "champagne-flute"], ["preparation", "Add dash of Angostura bitter onto sugar cube and drop it into champagne flute. Add cognac followed by pouring gently chilled champagne."], ["created_at", "2019-04-18 18:14:22.176565"], ["updated_at", "2019-04-18 18:14:22.176565"]]
  ↳ db/seeds.rb:18
  [1m[35m (1.1ms)[0m  [1m[35mCOMMIT[0m
  ↳ db/seeds.rb:18
  [1m[35m (0.1ms)[0m  [1m[35mBEGIN[0m
  ↳ db/seeds.rb:18
  [1m[36mCocktail Create (0.3ms)[0m  [1m[32mINSERT INTO "cocktails" ("name", "glass", "preparation", "created_at", "updated_at") VALUES ($1, $2, $3, $4, $5) RETURNING "id"[0m  [["name", "Mary Pickford"], ["glass", "martini"], ["preparation", "Shake and strain into a chilled large cocktail glass."], ["created_at", "2019-04-18 18:14:22.179187"], ["updated_at", "2019-04-18 18:14:22.179187"]]
  ↳ db/seeds.rb:18
  [1m[35m (1.0ms)[0m  [1m[35mCOMMIT[0m
  ↳ db/seeds.rb:18
  [1m[35m (0.2ms)[0m  [1m[35mBEGIN[0m
  ↳ db/seeds.rb:18
  [1m[36mCocktail Create (0.2ms)[0m  [1m[32mINSERT INTO "cocktails" ("name", "glass", "preparation", "created_at", "updated_at") VALUES ($1, $2, $3, $4, $5) RETURNING "id"[0m  [["name", "Hemingway Special"], ["glass", "martini"], ["preparation", "Shake with ice cubes. Strain into a double cocktail glass."], ["created_at", "2019-04-18 18:14:22.181812"], ["updated_at", "2019-04-18 18:14:22.181812"]]
  ↳ db/seeds.rb:18
  [1m[35m (1.1ms)[0m  [1m[35mCOMMIT[0m
  ↳ db/seeds.rb:18
  [1m[35m (0.1ms)[0m  [1m[35mBEGIN[0m
  ↳ db/seeds.rb:18
  [1m[36mCocktail Create (0.3ms)[0m  [1m[32mINSERT INTO "cocktails" ("name", "glass", "preparation", "created_at", "updated_at") VALUES ($1, $2, $3, $4, $5) RETURNING "id"[0m  [["name", "Dark 'n' Stormy"], ["glass", "highball"], ["preparation", "Build into highball glass filled with ice. Add rum first and top it with ginger beer."], ["created_at", "2019-04-18 18:14:22.184413"], ["updated_at", "2019-04-18 18:14:22.184413"]]
  ↳ db/seeds.rb:18
  [1m[35m (1.0ms)[0m  [1m[35mCOMMIT[0m
  ↳ db/seeds.rb:18
  [1m[35m (0.2ms)[0m  [1m[35mBEGIN[0m
  ↳ db/seeds.rb:18
  [1m[36mCocktail Create (0.2ms)[0m  [1m[32mINSERT INTO "cocktails" ("name", "glass", "preparation", "created_at", "updated_at") VALUES ($1, $2, $3, $4, $5) RETURNING "id"[0m  [["name", "Ramos Fizz"], ["glass", "highball"], ["preparation", "Pour all ingredients (except soda) in a mixing glass, dry shake (no ice) for two minutes, add ice and hard shake for another minute. Strain into a highball glass without ice, top with soda."], ["created_at", "2019-04-18 18:14:22.187020"], ["updated_at", "2019-04-18 18:14:22.187020"]]
  ↳ db/seeds.rb:18
  [1m[35m (1.0ms)[0m  [1m[35mCOMMIT[0m
  ↳ db/seeds.rb:18
  [1m[35m (0.2ms)[0m  [1m[35mBEGIN[0m
  ↳ db/seeds.rb:18
  [1m[36mCocktail Create (0.3ms)[0m  [1m[32mINSERT INTO "cocktails" ("name", "glass", "preparation", "created_at", "updated_at") VALUES ($1, $2, $3, $4, $5) RETURNING "id"[0m  [["name", "Russian Spring Punch"], ["glass", "highball"], ["preparation", "Shake the ingredients and pour into highball glass. Top with Sparkling wine."], ["created_at", "2019-04-18 18:14:22.189625"], ["updated_at", "2019-04-18 18:14:22.189625"]]
  ↳ db/seeds.rb:18
  [1m[35m (1.0ms)[0m  [1m[35mCOMMIT[0m
  ↳ db/seeds.rb:18
  [1m[35m (0.1ms)[0m  [1m[35mBEGIN[0m
  ↳ db/seeds.rb:18
  [1m[36mCocktail Create (0.3ms)[0m  [1m[32mINSERT INTO "cocktails" ("name", "glass", "preparation", "created_at", "updated_at") VALUES ($1, $2, $3, $4, $5) RETURNING "id"[0m  [["name", "God Father"], ["glass", "old-fashioned"], ["preparation", "Build into old fashioned glass filled with ice cubes. Stir gently."], ["created_at", "2019-04-18 18:14:22.192152"], ["updated_at", "2019-04-18 18:14:22.192152"]]
  ↳ db/seeds.rb:18
  [1m[35m (1.1ms)[0m  [1m[35mCOMMIT[0m
  ↳ db/seeds.rb:18
  [1m[35m (0.1ms)[0m  [1m[35mBEGIN[0m
  ↳ db/seeds.rb:18
  [1m[36mCocktail Create (0.3ms)[0m  [1m[32mINSERT INTO "cocktails" ("name", "glass", "preparation", "created_at", "updated_at") VALUES ($1, $2, $3, $4, $5) RETURNING "id"[0m  [["name", "Cosmopolitan"], ["glass", "martini"], ["preparation", "Shake with ice cubes. Strain into a large cocktail glass."], ["created_at", "2019-04-18 18:14:22.194862"], ["updated_at", "2019-04-18 18:14:22.194862"]]
  ↳ db/seeds.rb:18
  [1m[35m (1.0ms)[0m  [1m[35mCOMMIT[0m
  ↳ db/seeds.rb:18
  [1m[35m (0.1ms)[0m  [1m[35mBEGIN[0m
  ↳ db/seeds.rb:18
  [1m[36mCocktail Create (0.2ms)[0m  [1m[32mINSERT INTO "cocktails" ("name", "glass", "preparation", "created_at", "updated_at") VALUES ($1, $2, $3, $4, $5) RETURNING "id"[0m  [["name", "Dry Martini"], ["glass", "martini"], ["preparation", "Stir in mixing glass with ice cubes. Strain into chilled martini glass. Squeeze oil from lemon peel onto the drink, or garnish with olive."], ["created_at", "2019-04-18 18:14:22.197345"], ["updated_at", "2019-04-18 18:14:22.197345"]]
  ↳ db/seeds.rb:18
  [1m[35m (1.0ms)[0m  [1m[35mCOMMIT[0m
  ↳ db/seeds.rb:18
  [1m[35m (0.2ms)[0m  [1m[35mBEGIN[0m
  ↳ db/seeds.rb:18
  [1m[36mCocktail Create (0.3ms)[0m  [1m[32mINSERT INTO "cocktails" ("name", "glass", "preparation", "created_at", "updated_at") VALUES ($1, $2, $3, $4, $5) RETURNING "id"[0m  [["name", "Between the Sheets"], ["glass", "martini"], ["preparation", "Shake with ice cubes. Strain into chilled cocktail glass."], ["created_at", "2019-04-18 18:14:22.199840"], ["updated_at", "2019-04-18 18:14:22.199840"]]
  ↳ db/seeds.rb:18
  [1m[35m (1.2ms)[0m  [1m[35mCOMMIT[0m
  ↳ db/seeds.rb:18
  [1m[35m (0.1ms)[0m  [1m[35mBEGIN[0m
  ↳ db/seeds.rb:18
  [1m[36mCocktail Create (0.3ms)[0m  [1m[32mINSERT INTO "cocktails" ("name", "glass", "preparation", "created_at", "updated_at") VALUES ($1, $2, $3, $4, $5) RETURNING "id"[0m  [["name", "Casino"], ["glass", "martini"], ["preparation", "Shake with ice cubes. Strain into chilled cocktail glass."], ["created_at", "2019-04-18 18:14:22.202633"], ["updated_at", "2019-04-18 18:14:22.202633"]]
  ↳ db/seeds.rb:18
  [1m[35m (0.9ms)[0m  [1m[35mCOMMIT[0m
  ↳ db/seeds.rb:18
  [1m[35m (0.1ms)[0m  [1m[35mBEGIN[0m
  ↳ db/seeds.rb:18
  [1m[36mCocktail Create (0.3ms)[0m  [1m[32mINSERT INTO "cocktails" ("name", "glass", "preparation", "created_at", "updated_at") VALUES ($1, $2, $3, $4, $5) RETURNING "id"[0m  [["name", "Caipirinha"], ["glass", "old-fashioned"], ["preparation", "Place lime and sugar in old fashion glass and muddle. Fill glass with ice and Cachaca (note:Caipiroska- use Vodka instead of Cachaca)."], ["created_at", "2019-04-18 18:14:22.205140"], ["updated_at", "2019-04-18 18:14:22.205140"]]
  ↳ db/seeds.rb:18
  [1m[35m (0.9ms)[0m  [1m[35mCOMMIT[0m
  ↳ db/seeds.rb:18
  [1m[35m (0.1ms)[0m  [1m[35mBEGIN[0m
  ↳ db/seeds.rb:18
  [1m[36mCocktail Create (0.2ms)[0m  [1m[32mINSERT INTO "cocktails" ("name", "glass", "preparation", "created_at", "updated_at") VALUES ($1, $2, $3, $4, $5) RETURNING "id"[0m  [["name", "Vampiro"], ["glass", "highball"], ["preparation", "Shake with ice cubes. Strain into a highball glass, filled with ice."], ["created_at", "2019-04-18 18:14:22.207661"], ["updated_at", "2019-04-18 18:14:22.207661"]]
  ↳ db/seeds.rb:18
  [1m[35m (0.9ms)[0m  [1m[35mCOMMIT[0m
  ↳ db/seeds.rb:18
  [1m[35m (0.1ms)[0m  [1m[35mBEGIN[0m
  ↳ db/seeds.rb:18
  [1m[36mCocktail Create (0.3ms)[0m  [1m[32mINSERT INTO "cocktails" ("name", "glass", "preparation", "created_at", "updated_at") VALUES ($1, $2, $3, $4, $5) RETURNING "id"[0m  [["name", "Kamikaze"], ["glass", "martini"], ["preparation", "Shake and strain into a chilled cocktail glass."], ["created_at", "2019-04-18 18:14:22.210173"], ["updated_at", "2019-04-18 18:14:22.210173"]]
  ↳ db/seeds.rb:18
  [1m[35m (0.9ms)[0m  [1m[35mCOMMIT[0m
  ↳ db/seeds.rb:18
  [1m[35m (0.1ms)[0m  [1m[35mBEGIN[0m
  ↳ db/seeds.rb:18
  [1m[36mCocktail Create (0.3ms)[0m  [1m[32mINSERT INTO "cocktails" ("name", "glass", "preparation", "created_at", "updated_at") VALUES ($1, $2, $3, $4, $5) RETURNING "id"[0m  [["name", "White Lady"], ["glass", "martini"], ["preparation", "Shake with ice cubes. Strain into large cocktail glass."], ["created_at", "2019-04-18 18:14:22.212674"], ["updated_at", "2019-04-18 18:14:22.212674"]]
  ↳ db/seeds.rb:18
  [1m[35m (1.0ms)[0m  [1m[35mCOMMIT[0m
  ↳ db/seeds.rb:18
  [1m[35m (0.2ms)[0m  [1m[35mBEGIN[0m
  ↳ db/seeds.rb:18
  [1m[36mCocktail Create (0.3ms)[0m  [1m[32mINSERT INTO "cocktails" ("name", "glass", "preparation", "created_at", "updated_at") VALUES ($1, $2, $3, $4, $5) RETURNING "id"[0m  [["name", "Harvey Wallbanger"], ["glass", "highball"], ["preparation", "Build vodka and orange juice into a highball glass filled with ice. Stir gently and float Galliano on top."], ["created_at", "2019-04-18 18:14:22.215354"], ["updated_at", "2019-04-18 18:14:22.215354"]]
  ↳ db/seeds.rb:18
  [1m[35m (1.0ms)[0m  [1m[35mCOMMIT[0m
  ↳ db/seeds.rb:18
Started GET "/" for 159.91.103.16 at 2019-04-18 14:42:28 -0400
Cannot render console from 159.91.103.16! Allowed networks: 127.0.0.1, ::1, 127.0.0.0/127.255.255.255
  [1m[35m (0.7ms)[0m  [1m[34mSELECT "schema_migrations"."version" FROM "schema_migrations" ORDER BY "schema_migrations"."version" ASC[0m
  ↳ /local/home/sysadmin/.rbenv/versions/2.5.1/lib/ruby/gems/2.5.0/gems/activerecord-5.2.3/lib/active_record/log_subscriber.rb:98
Processing by CocktailsController#index as HTML
  Rendering cocktails/index.html.erb within layouts/application
  [1m[36mCocktail Load (0.8ms)[0m  [1m[34mSELECT "cocktails".* FROM "cocktails"[0m
  ↳ app/views/cocktails/index.html.erb:10
  Rendered cocktails/index.html.erb within layouts/application (78.7ms)
  Rendered layouts/_shim.html.erb (0.3ms)
  Rendered layouts/_header.html.erb (0.5ms)
  Rendered layouts/_footer.html.erb (0.3ms)
Completed 200 OK in 4193ms (Views: 4176.8ms | ActiveRecord: 5.1ms)


Started GET "/?utf8=%E2%9C%93&search%5Bname%5D=margerita&commit=Search" for 159.91.103.16 at 2019-04-18 14:42:49 -0400
Cannot render console from 159.91.103.16! Allowed networks: 127.0.0.1, ::1, 127.0.0.0/127.255.255.255
Processing by CocktailsController#index as HTML
  Parameters: {"utf8"=>"✓", "search"=>{"name"=>"margerita"}, "commit"=>"Search"}
  Rendering cocktails/index.html.erb within layouts/application
  [1m[36mCocktail Load (41.1ms)[0m  [1m[34mSELECT "cocktails".* FROM "cocktails" WHERE (name ILIKE '%margerita%')[0m
  ↳ app/views/cocktails/index.html.erb:10
  Rendered cocktails/index.html.erb within layouts/application (48.0ms)
  Rendered layouts/_shim.html.erb (0.3ms)
  Rendered layouts/_header.html.erb (0.5ms)
  Rendered layouts/_footer.html.erb (0.4ms)
Completed 200 OK in 124ms (Views: 81.4ms | ActiveRecord: 41.1ms)


Started GET "/?utf8=%E2%9C%93&search%5Bname%5D=strawberry&commit=Search" for 159.91.103.16 at 2019-04-18 14:42:53 -0400
Cannot render console from 159.91.103.16! Allowed networks: 127.0.0.1, ::1, 127.0.0.0/127.255.255.255
Processing by CocktailsController#index as HTML
  Parameters: {"utf8"=>"✓", "search"=>{"name"=>"strawberry"}, "commit"=>"Search"}
  Rendering cocktails/index.html.erb within layouts/application
  [1m[36mCocktail Load (0.6ms)[0m  [1m[34mSELECT "cocktails".* FROM "cocktails" WHERE (name ILIKE '%strawberry%')[0m
  ↳ app/views/cocktails/index.html.erb:10
  Rendered cocktails/index.html.erb within layouts/application (4.3ms)
  Rendered layouts/_shim.html.erb (0.2ms)
  Rendered layouts/_header.html.erb (0.4ms)
  Rendered layouts/_footer.html.erb (0.4ms)
Completed 200 OK in 37ms (Views: 35.4ms | ActiveRecord: 0.6ms)


Started GET "/?utf8=%E2%9C%93&search%5Bname%5D=strawberry&commit=Search" for 159.91.103.16 at 2019-04-18 14:45:02 -0400
Cannot render console from 159.91.103.16! Allowed networks: 127.0.0.1, ::1, 127.0.0.0/127.255.255.255
Processing by CocktailsController#index as HTML
  Parameters: {"utf8"=>"✓", "search"=>{"name"=>"strawberry"}, "commit"=>"Search"}
  Rendering cocktails/index.html.erb within layouts/application
  [1m[36mCocktail Load (1.0ms)[0m  [1m[34mSELECT "cocktails".* FROM "cocktails" WHERE (name ILIKE '%strawberry%')[0m
  ↳ app/views/cocktails/index.html.erb:10
  Rendered cocktails/index.html.erb within layouts/application (10.4ms)
  Rendered layouts/_shim.html.erb (0.2ms)
  Rendered layouts/_header.html.erb (0.5ms)
  Rendered layouts/_footer.html.erb (0.4ms)
Completed 200 OK in 54ms (Views: 50.3ms | ActiveRecord: 1.0ms)


Started GET "/" for 159.91.103.16 at 2019-04-18 14:45:06 -0400
Cannot render console from 159.91.103.16! Allowed networks: 127.0.0.1, ::1, 127.0.0.0/127.255.255.255
Processing by CocktailsController#index as HTML
  Rendering cocktails/index.html.erb within layouts/application
  [1m[36mCocktail Load (0.5ms)[0m  [1m[34mSELECT "cocktails".* FROM "cocktails"[0m
  ↳ app/views/cocktails/index.html.erb:10
  Rendered cocktails/index.html.erb within layouts/application (6.4ms)
  Rendered layouts/_shim.html.erb (0.2ms)
  Rendered layouts/_header.html.erb (0.5ms)
  Rendered layouts/_footer.html.erb (0.6ms)
Completed 200 OK in 43ms (Views: 41.0ms | ActiveRecord: 0.5ms)


Started GET "/?utf8=%E2%9C%93&search%5Bname%5D=vesper&commit=Search" for 159.91.103.16 at 2019-04-18 14:45:09 -0400
Cannot render console from 159.91.103.16! Allowed networks: 127.0.0.1, ::1, 127.0.0.0/127.255.255.255
Processing by CocktailsController#index as HTML
  Parameters: {"utf8"=>"✓", "search"=>{"name"=>"vesper"}, "commit"=>"Search"}
  Rendering cocktails/index.html.erb within layouts/application
  [1m[36mCocktail Load (0.6ms)[0m  [1m[34mSELECT "cocktails".* FROM "cocktails" WHERE (name ILIKE '%vesper%')[0m
  ↳ app/views/cocktails/index.html.erb:10
  Rendered cocktails/index.html.erb within layouts/application (5.8ms)
  Rendered layouts/_shim.html.erb (0.3ms)
  Rendered layouts/_header.html.erb (0.6ms)
  Rendered layouts/_footer.html.erb (0.4ms)
Completed 200 OK in 44ms (Views: 42.2ms | ActiveRecord: 0.6ms)


Started GET "/?utf8=%E2%9C%93&search%5Bname%5D=marg&commit=Search" for 159.91.103.16 at 2019-04-18 14:49:09 -0400
Cannot render console from 159.91.103.16! Allowed networks: 127.0.0.1, ::1, 127.0.0.0/127.255.255.255
Processing by CocktailsController#index as HTML
  Parameters: {"utf8"=>"✓", "search"=>{"name"=>"marg"}, "commit"=>"Search"}
  Rendering cocktails/index.html.erb within layouts/application
  [1m[36mCocktail Load (0.7ms)[0m  [1m[34mSELECT "cocktails".* FROM "cocktails" WHERE (name ILIKE '%marg%')[0m
  ↳ app/views/cocktails/index.html.erb:10
  Rendered cocktails/index.html.erb within layouts/application (9.2ms)
  Rendered layouts/_shim.html.erb (0.3ms)
  Rendered layouts/_header.html.erb (0.6ms)
  Rendered layouts/_footer.html.erb (0.4ms)
Completed 200 OK in 49ms (Views: 46.3ms | ActiveRecord: 0.7ms)


Started GET "/?utf8=%E2%9C%93&search%5Bname%5D=ice&commit=Search" for 159.91.103.16 at 2019-04-18 14:49:16 -0400
Cannot render console from 159.91.103.16! Allowed networks: 127.0.0.1, ::1, 127.0.0.0/127.255.255.255
Processing by CocktailsController#index as HTML
  Parameters: {"utf8"=>"✓", "search"=>{"name"=>"ice"}, "commit"=>"Search"}
  Rendering cocktails/index.html.erb within layouts/application
  [1m[36mCocktail Load (0.5ms)[0m  [1m[34mSELECT "cocktails".* FROM "cocktails" WHERE (name ILIKE '%ice%')[0m
  ↳ app/views/cocktails/index.html.erb:10
  Rendered cocktails/index.html.erb within layouts/application (7.9ms)
  Rendered layouts/_shim.html.erb (0.3ms)
  Rendered layouts/_header.html.erb (0.8ms)
  Rendered layouts/_footer.html.erb (0.5ms)
Completed 200 OK in 53ms (Views: 51.1ms | ActiveRecord: 0.5ms)


Started GET "/?utf8=%E2%9C%93&search%5Bname%5D=vesper&commit=Search" for 159.91.103.16 at 2019-04-18 16:04:10 -0400
Cannot render console from 159.91.103.16! Allowed networks: 127.0.0.1, ::1, 127.0.0.0/127.255.255.255
Processing by CocktailsController#index as HTML
  Parameters: {"utf8"=>"✓", "search"=>{"name"=>"vesper"}, "commit"=>"Search"}
  Rendering cocktails/index.html.erb within layouts/application
  [1m[36mCocktail Load (1.5ms)[0m  [1m[34mSELECT "cocktails".* FROM "cocktails" WHERE (name ILIKE '%vesper%')[0m
  ↳ app/views/cocktails/index.html.erb:10
  Rendered cocktails/index.html.erb within layouts/application (9.2ms)
  Rendered layouts/_shim.html.erb (0.3ms)
  Rendered layouts/_header.html.erb (0.6ms)
  Rendered layouts/_footer.html.erb (0.4ms)
Completed 200 OK in 69ms (Views: 44.5ms | ActiveRecord: 1.5ms)


Started GET "/?utf8=%E2%9C%93&search%5Bname%5D=&commit=Search" for 159.91.103.16 at 2019-04-18 16:04:14 -0400
Cannot render console from 159.91.103.16! Allowed networks: 127.0.0.1, ::1, 127.0.0.0/127.255.255.255
Processing by CocktailsController#index as HTML
  Parameters: {"utf8"=>"✓", "search"=>{"name"=>""}, "commit"=>"Search"}
  Rendering cocktails/index.html.erb within layouts/application
  [1m[36mCocktail Load (0.6ms)[0m  [1m[34mSELECT "cocktails".* FROM "cocktails" WHERE (name ILIKE '%%')[0m
  ↳ app/views/cocktails/index.html.erb:10
  Rendered cocktails/index.html.erb within layouts/application (6.6ms)
  Rendered layouts/_shim.html.erb (0.3ms)
  Rendered layouts/_header.html.erb (0.5ms)
  Rendered layouts/_footer.html.erb (0.4ms)
Completed 200 OK in 42ms (Views: 40.5ms | ActiveRecord: 0.6ms)


Started GET "/?utf8=%E2%9C%93&search%5Bname%5D=ice&commit=Search" for 159.91.103.16 at 2019-04-18 16:04:45 -0400
Cannot render console from 159.91.103.16! Allowed networks: 127.0.0.1, ::1, 127.0.0.0/127.255.255.255
Processing by CocktailsController#index as HTML
  Parameters: {"utf8"=>"✓", "search"=>{"name"=>"ice"}, "commit"=>"Search"}
  Rendering cocktails/index.html.erb within layouts/application
  [1m[36mCocktail Load (0.5ms)[0m  [1m[34mSELECT "cocktails".* FROM "cocktails" WHERE (name ILIKE '%ice%')[0m
  ↳ app/views/cocktails/index.html.erb:10
  Rendered cocktails/index.html.erb within layouts/application (5.5ms)
  Rendered layouts/_shim.html.erb (0.2ms)
  Rendered layouts/_header.html.erb (0.4ms)
  Rendered layouts/_footer.html.erb (0.3ms)
Completed 200 OK in 36ms (Views: 34.7ms | ActiveRecord: 0.5ms)


Started GET "/?utf8=%E2%9C%93&search%5Bname%5D=strawberry&commit=Search" for 159.91.103.16 at 2019-04-18 16:04:51 -0400
Cannot render console from 159.91.103.16! Allowed networks: 127.0.0.1, ::1, 127.0.0.0/127.255.255.255
Processing by CocktailsController#index as HTML
  Parameters: {"utf8"=>"✓", "search"=>{"name"=>"strawberry"}, "commit"=>"Search"}
  Rendering cocktails/index.html.erb within layouts/application
  [1m[36mCocktail Load (0.5ms)[0m  [1m[34mSELECT "cocktails".* FROM "cocktails" WHERE (name ILIKE '%strawberry%')[0m
  ↳ app/views/cocktails/index.html.erb:10
  Rendered cocktails/index.html.erb within layouts/application (4.3ms)
  Rendered layouts/_shim.html.erb (0.2ms)
  Rendered layouts/_header.html.erb (0.4ms)
  Rendered layouts/_footer.html.erb (0.4ms)
Completed 200 OK in 36ms (Views: 33.9ms | ActiveRecord: 0.5ms)


Started GET "/?utf8=%E2%9C%93&search%5Bname%5D=vesper&commit=Search" for 159.91.103.16 at 2019-04-18 16:04:56 -0400
Cannot render console from 159.91.103.16! Allowed networks: 127.0.0.1, ::1, 127.0.0.0/127.255.255.255
Processing by CocktailsController#index as HTML
  Parameters: {"utf8"=>"✓", "search"=>{"name"=>"vesper"}, "commit"=>"Search"}
  Rendering cocktails/index.html.erb within layouts/application
  [1m[36mCocktail Load (0.5ms)[0m  [1m[34mSELECT "cocktails".* FROM "cocktails" WHERE (name ILIKE '%vesper%')[0m
  ↳ app/views/cocktails/index.html.erb:10
  Rendered cocktails/index.html.erb within layouts/application (4.6ms)
  Rendered layouts/_shim.html.erb (0.2ms)
  Rendered layouts/_header.html.erb (0.6ms)
  Rendered layouts/_footer.html.erb (0.6ms)
Completed 200 OK in 49ms (Views: 46.5ms | ActiveRecord: 0.5ms)


